"2024-05-10 13:36:45,453 INFO  [main] com.dbglobe.ExpenseTrackerAppApplication:Starting ExpenseTrackerAppApplication using Java 18.0.2 on yupe with PID 46851 (/mnt/depo/Coding Projects/intelliJ_Workspace/ExpenseTrackerApp/target/classes started by yupe in /mnt/depo/Coding Projects/intelliJ_Workspace/ExpenseTrackerApp)
""2024-05-10 13:36:45,459 INFO  [main] com.dbglobe.ExpenseTrackerAppApplication:No active profile set, falling back to 1 default profile: "default"
""2024-05-10 13:36:46,734 INFO  [main] org.springframework.data.repository.config.RepositoryConfigurationDelegate:Bootstrapping Spring Data JPA repositories in DEFAULT mode.
""2024-05-10 13:36:46,831 INFO  [main] org.springframework.data.repository.config.RepositoryConfigurationDelegate:Finished Spring Data repository scanning in 72 ms. Found 2 JPA repository interfaces.
""2024-05-10 13:36:47,605 INFO  [main] org.springframework.boot.web.embedded.tomcat.TomcatWebServer:Tomcat initialized with port(s): 8080 (http)
""2024-05-10 13:36:47,617 INFO  [main] org.apache.catalina.core.StandardService:Starting service [Tomcat]
""2024-05-10 13:36:47,618 INFO  [main] org.apache.catalina.core.StandardEngine:Starting Servlet engine: [Apache Tomcat/9.0.68]
""2024-05-10 13:36:47,748 INFO  [main] org.apache.catalina.core.ContainerBase.[Tomcat].[localhost].[/]:Initializing Spring embedded WebApplicationContext
""2024-05-10 13:36:47,749 INFO  [main] org.springframework.boot.web.servlet.context.ServletWebServerApplicationContext:Root WebApplicationContext: initialization completed in 2190 ms
""2024-05-10 13:36:48,022 INFO  [main] org.hibernate.jpa.internal.util.LogHelper:HHH000204: Processing PersistenceUnitInfo [name: default]
""2024-05-10 13:36:48,067 INFO  [main] org.hibernate.Version:HHH000412: Hibernate ORM core version 5.6.12.Final
""2024-05-10 13:36:48,231 INFO  [main] org.hibernate.annotations.common.Version:HCANN000001: Hibernate Commons Annotations {5.1.2.Final}
""2024-05-10 13:36:48,364 INFO  [main] com.zaxxer.hikari.HikariDataSource:HikariPool-1 - Starting...
""2024-05-10 13:36:48,777 INFO  [main] com.zaxxer.hikari.HikariDataSource:HikariPool-1 - Start completed.
""2024-05-10 13:36:48,792 INFO  [main] org.hibernate.dialect.Dialect:HHH000400: Using dialect: org.hibernate.dialect.PostgreSQLDialect
""2024-05-10 13:36:49,654 INFO  [main] org.hibernate.engine.transaction.jta.platform.internal.JtaPlatformInitiator:HHH000490: Using JtaPlatform implementation: [org.hibernate.engine.transaction.jta.platform.internal.NoJtaPlatform]
""2024-05-10 13:36:49,663 INFO  [main] org.springframework.orm.jpa.LocalContainerEntityManagerFactoryBean:Initialized JPA EntityManagerFactory for persistence unit 'default'
""2024-05-10 13:36:50,608 WARN  [main] org.springframework.boot.autoconfigure.orm.jpa.JpaBaseConfiguration$JpaWebConfiguration:spring.jpa.open-in-view is enabled by default. Therefore, database queries may be performed during view rendering. Explicitly configure spring.jpa.open-in-view to disable this warning
""2024-05-10 13:36:50,828 INFO  [main] org.springframework.security.web.DefaultSecurityFilterChain:Will secure any request with [org.springframework.security.web.session.DisableEncodeUrlFilter@5b7b0ada, org.springframework.security.web.context.request.async.WebAsyncManagerIntegrationFilter@705d72f0, org.springframework.security.web.context.SecurityContextPersistenceFilter@14ba7f15, org.springframework.security.web.header.HeaderWriterFilter@70b1028d, org.springframework.web.filter.CorsFilter@3c4e23be, org.springframework.security.web.authentication.logout.LogoutFilter@446dacf9, com.dbglobe.security.jwt.AuthTokenFilter@116915f1, org.springframework.security.web.savedrequest.RequestCacheAwareFilter@497fd334, org.springframework.security.web.servletapi.SecurityContextHolderAwareRequestFilter@280c3dc0, org.springframework.security.web.authentication.AnonymousAuthenticationFilter@1d6a0962, org.springframework.security.web.session.SessionManagementFilter@4fbbd98c, org.springframework.security.web.access.ExceptionTranslationFilter@4866e0a7, org.springframework.security.web.access.intercept.FilterSecurityInterceptor@6ab826bb]
""2024-05-10 13:36:51,167 INFO  [main] org.springframework.boot.web.embedded.tomcat.TomcatWebServer:Tomcat started on port(s): 8080 (http) with context path ''
""2024-05-10 13:36:51,184 INFO  [main] com.dbglobe.ExpenseTrackerAppApplication:Started ExpenseTrackerAppApplication in 6.397 seconds (JVM running for 7.114)
""2024-05-10 13:37:02,311 INFO  [SpringApplicationShutdownHook] org.springframework.orm.jpa.LocalContainerEntityManagerFactoryBean:Closing JPA EntityManagerFactory for persistence unit 'default'
""2024-05-10 13:37:02,314 INFO  [SpringApplicationShutdownHook] com.zaxxer.hikari.HikariDataSource:HikariPool-1 - Shutdown initiated...
""2024-05-10 13:37:02,337 INFO  [SpringApplicationShutdownHook] com.zaxxer.hikari.HikariDataSource:HikariPool-1 - Shutdown completed.
"